<?xml version="1.0" encoding="UTF-8"?>
<!-- Generated by org.testng.reporters.JUnitXMLReporter -->
<testsuite ignored="2" hostname="LAPTOP-IQ2DGKB5" failures="0" tests="0" time="0.007" errors="0" timestamp="2020-08-06T10:10:14 IST">
  <testcase classname="WebTest" name="amazonTest_AddItemsToCart" time="0.0">
    <ignored/>
  </testcase> <!-- amazonTest_AddItemsToCart -->
  <testcase classname="AndroidAppTest" name="calculatorTest" time="0.0">
    <ignored/>
  </testcase> <!-- calculatorTest -->
</testsuite>
