-------------------------------------------------------------------------------
Test set: ChromeTest
-------------------------------------------------------------------------------
Tests run: 1, Failures: 1, Errors: 0, Skipped: 0, Time elapsed: 0.012 sec <<< FAILURE!
ChromeTest.testMMT()  Time elapsed: 0.011 sec  <<< FAILURE!
java.lang.NullPointerException
	at ChromeTest.testMMT(ChromeTest.java:46)

