<?xml version="1.0" encoding="UTF-8"?>
<testng-results ignored="0" total="1" passed="1" failed="0" skipped="0">
  <reporter-output>
  </reporter-output>
  <suite started-at="2020-08-04T17:40:21Z" name="Command line suite" finished-at="2020-08-04T17:40:51Z" duration-ms="30220">
    <groups>
    </groups>
    <test started-at="2020-08-04T17:40:21Z" name="Command line test" finished-at="2020-08-04T17:40:51Z" duration-ms="30220">
      <class name="AmazonTest">
        <test-method is-config="true" signature="setUp()[pri:0, instance:AmazonTest@44c8afef]" started-at="2020-08-04T17:40:21Z" name="setUp" finished-at="2020-08-04T17:40:21Z" duration-ms="9" status="PASS">
          <reporter-output>
          </reporter-output>
        </test-method> <!-- setUp -->
        <test-method signature="addItemsToCart()[pri:0, instance:AmazonTest@44c8afef]" started-at="2020-08-04T17:40:21Z" name="addItemsToCart" finished-at="2020-08-04T17:40:51Z" duration-ms="29594" status="PASS">
          <reporter-output>
          </reporter-output>
        </test-method> <!-- addItemsToCart -->
        <test-method is-config="true" signature="teardown()[pri:0, instance:AmazonTest@44c8afef]" started-at="2020-08-04T17:40:51Z" name="teardown" finished-at="2020-08-04T17:40:51Z" duration-ms="606" status="PASS">
          <reporter-output>
          </reporter-output>
        </test-method> <!-- teardown -->
      </class> <!-- AmazonTest -->
    </test> <!-- Command line test -->
  </suite> <!-- Command line suite -->
</testng-results>
